#
# A fatal error has been detected by the Java Runtime Environment:
#
#  EXCEPTION_ACCESS_VIOLATION (0xc0000005) at pc=0x654a6c39, pid=22816, tid=0x00004aac
#
# JRE version: Java(TM) SE Runtime Environment (8.0_291-b10) (build 1.8.0_291-b10)
# Java VM: Java HotSpot(TM) Client VM (25.291-b10 mixed mode windows-x86 )
# Problematic frame:
# C  [libtesseract-4.dll+0x26c39]
#
# Failed to write core dump. Minidumps are not enabled by default on client versions of Windows
#
# If you would like to submit a bug report, please visit:
#   http://bugreport.java.com/bugreport/crash.jsp
# The crash happened outside the Java Virtual Machine in native code.
# See problematic frame for where to report the bug.
#

---------------  T H R E A D  ---------------

Current thread (0x00d2fc00):  JavaThread "main" [_thread_in_native, id=19116, stack(0x00f40000,0x00f90000)]

siginfo: ExceptionCode=0xc0000005, reading address 0x00000008

Registers:
EAX=0x00000000, EBX=0x16890048, ECX=0x00f8f918, EDX=0x168b11b8
ESP=0x00f8f870, EBP=0x00f8f978, ESI=0x16983ca8, EDI=0x00000000
EIP=0x654a6c39, EFLAGS=0x00010246

Top of Stack: (sp=0x00f8f870)
0x00f8f870:   00000000 00020047 16983bac 16938578
0x00f8f880:   16938b68 16938be0 16938b68 6f010000
0x00f8f890:   00000018 15030c3c 00000000 16939f00
0x00f8f8a0:   16983b88 169385f0 16939f00 65608ab3
0x00f8f8b0:   00000001 16983b88 00000000 00000000
0x00f8f8c0:   16983ca8 00000000 00000000 00000000
0x00f8f8d0:   168bbd60 168c7e58 169385f0 16945600
0x00f8f8e0:   168c8418 169385f0 16983cb0 169385f0 

Instructions: (pc=0x654a6c39)
0x654a6c19:   00 00 00 00 e8 6e 04 16 00 8b 83 e4 0d 00 00 83
0x654a6c29:   ec 04 85 c0 0f 8f c2 00 00 00 8b 83 8c 06 00 00
0x654a6c39:   80 78 08 00 0f 85 3d 03 00 00 8b 83 7c 2d 02 00
0x654a6c49:   85 c0 0f 8e b0 00 00 00 31 c0 89 85 24 ff ff ff 


Register to memory mapping:

EAX=0x00000000 is an unknown value
EBX=0x16890048 is an unknown value
ECX=0x00f8f918 is pointing into the stack for thread: 0x00d2fc00
EDX=0x168b11b8 is an unknown value
ESP=0x00f8f870 is pointing into the stack for thread: 0x00d2fc00
EBP=0x00f8f978 is pointing into the stack for thread: 0x00d2fc00
ESI=0x16983ca8 is an unknown value
EDI=0x00000000 is an unknown value


Stack: [0x00f40000,0x00f90000],  sp=0x00f8f870,  free space=318k
Native frames: (J=compiled Java code, j=interpreted, Vv=VM code, C=native code)
C  [libtesseract-4.dll+0x26c39]
C  [libtesseract-4.dll+0x7683]
C  [libtesseract-4.dll+0x8a6c]
C  [jnitesseract.dll+0x518b7]
j  org.bytedeco.tesseract.TessBaseAPI.GetUTF8Text()Lorg/bytedeco/javacpp/BytePointer;+0
j  com.hrx.test.OcrTest.OCR(Ljava/lang/String;Ljava/lang/String;Ljava/lang/String;)Ljava/lang/String;+46
j  com.hrx.test.OcrTest.main([Ljava/lang/String;)V+6
v  ~StubRoutines::call_stub
V  [jvm.dll+0x1658b4]
V  [jvm.dll+0x23656b]
V  [jvm.dll+0x16545a]
V  [jvm.dll+0xebd95]
V  [jvm.dll+0xe4616]
C  [java.exe+0x2314]

Java frames: (J=compiled Java code, j=interpreted, Vv=VM code)
j  org.bytedeco.tesseract.TessBaseAPI.GetUTF8Text()Lorg/bytedeco/javacpp/BytePointer;+0
j  com.hrx.test.OcrTest.OCR(Ljava/lang/String;Ljava/lang/String;Ljava/lang/String;)Ljava/lang/String;+46
j  com.hrx.test.OcrTest.main([Ljava/lang/String;)V+6
v  ~StubRoutines::call_stub

---------------  P R O C E S S  ---------------

Java Threads: ( => current thread )
  0x156e4800 JavaThread "JavaCPP Deallocator" daemon [_thread_blocked, id=22516, stack(0x15b80000,0x15bd0000)]
  0x155c5400 JavaThread "Service Thread" daemon [_thread_blocked, id=21644, stack(0x15a60000,0x15ab0000)]
  0x1558c000 JavaThread "C1 CompilerThread0" daemon [_thread_blocked, id=21744, stack(0x159d0000,0x15a20000)]
  0x15118000 JavaThread "JDWP Command Reader" daemon [_thread_in_native, id=11552, stack(0x15340000,0x15390000)]
  0x15114c00 JavaThread "JDWP Event Helper Thread" daemon [_thread_blocked, id=428, stack(0x152b0000,0x15300000)]
  0x15110800 JavaThread "JDWP Transport Listener: dt_socket" daemon [_thread_blocked, id=20984, stack(0x15220000,0x15270000)]
  0x150cf800 JavaThread "Attach Listener" daemon [_thread_blocked, id=17680, stack(0x15190000,0x151e0000)]
  0x150c2400 JavaThread "Signal Dispatcher" daemon [_thread_blocked, id=12548, stack(0x14fe0000,0x15030000)]
  0x00dea000 JavaThread "Finalizer" daemon [_thread_blocked, id=23188, stack(0x14ef0000,0x14f40000)]
  0x00de4c00 JavaThread "Reference Handler" daemon [_thread_blocked, id=22440, stack(0x14e60000,0x14eb0000)]
=>0x00d2fc00 JavaThread "main" [_thread_in_native, id=19116, stack(0x00f40000,0x00f90000)]

Other Threads:
  0x00ddfc00 VMThread [stack: 0x04960000,0x049b0000] [id=20544]
  0x1561ac00 WatcherThread [stack: 0x15af0000,0x15b40000] [id=20960]

VM state:not at safepoint (normal execution)

VM Mutex/Monitor currently owned by a thread: None

Heap:
 def new generation   total 4928K, used 2973K [0x04a00000, 0x04f50000, 0x09f50000)
  eden space 4416K,  61% used [0x04a00000, 0x04caae60, 0x04e50000)
  from space 512K,  47% used [0x04ed0000, 0x04f0c698, 0x04f50000)
  to   space 512K,   0% used [0x04e50000, 0x04e50000, 0x04ed0000)
 tenured generation   total 10944K, used 1696K [0x09f50000, 0x0aa00000, 0x14a00000)
   the space 10944K,  15% used [0x09f50000, 0x0a0f82a8, 0x0a0f8400, 0x0aa00000)
 Metaspace       used 4210K, capacity 4236K, committed 4288K, reserved 4480K

Card table byte_map: [0x04830000,0x048c0000] byte_map_base: 0x0480b000

Polling page: 0x00f90000

CodeCache: size=32768Kb used=1298Kb max_used=1298Kb free=31469Kb
 bounds [0x027b0000, 0x028f8000, 0x047b0000]
 total_blobs=559 nmethods=297 adapters=201
 compilation: enabled

Compilation events (10 events):
Event: 1.192 Thread 0x1558c000  293             sun.nio.fs.NativeBuffers::getNativeBuffer (21 bytes)
Event: 1.193 Thread 0x1558c000 nmethod 293 0x028f3788 code [0x028f38a0, 0x028f39d8]
Event: 1.193 Thread 0x1558c000  294   !         sun.nio.fs.WindowsNativeDispatcher::GetFileAttributesEx (30 bytes)
Event: 1.193 Thread 0x1558c000 nmethod 294 0x028f3ac8 code [0x028f3bf0, 0x028f3d20]
Event: 1.194 Thread 0x1558c000  296             sun.nio.fs.WindowsFileAttributes::isReparsePoint (14 bytes)
Event: 1.194 Thread 0x1558c000 nmethod 296 0x028f4148 code [0x028f4240, 0x028f42d0]
Event: 1.194 Thread 0x1558c000  297             sun.nio.fs.WindowsFileAttributes::fromFileAttributeData (104 bytes)
Event: 1.194 Thread 0x1558c000 nmethod 297 0x028f4308 code [0x028f4410, 0x028f460c]
Event: 1.194 Thread 0x1558c000  298             sun.nio.fs.WindowsFileAttributes::<init> (57 bytes)
Event: 1.194 Thread 0x1558c000 nmethod 298 0x028f46c8 code [0x028f47c0, 0x028f4890]

GC Heap History (10 events):
Event: 0.573 GC heap before
{Heap before GC invocations=2 (full 0):
 def new generation   total 4928K, used 4135K [0x04a00000, 0x04f50000, 0x09f50000)
  eden space 4416K,  90% used [0x04a00000, 0x04de4c78, 0x04e50000)
  from space 512K,  29% used [0x04e50000, 0x04e752d8, 0x04ed0000)
  to   space 512K,   0% used [0x04ed0000, 0x04ed0000, 0x04f50000)
 tenured generation   total 10944K, used 1000K [0x09f50000, 0x0aa00000, 0x14a00000)
   the space 10944K,   9% used [0x09f50000, 0x0a04a3f8, 0x0a04a400, 0x0aa00000)
 Metaspace       used 2798K, capacity 2828K, committed 2880K, reserved 4480K
Event: 0.575 GC heap after
Heap after GC invocations=3 (full 0):
 def new generation   total 4928K, used 297K [0x04a00000, 0x04f50000, 0x09f50000)
  eden space 4416K,   0% used [0x04a00000, 0x04a00000, 0x04e50000)
  from space 512K,  58% used [0x04ed0000, 0x04f1a7b0, 0x04f50000)
  to   space 512K,   0% used [0x04e50000, 0x04e50000, 0x04ed0000)
 tenured generation   total 10944K, used 1512K [0x09f50000, 0x0aa00000, 0x14a00000)
   the space 10944K,  13% used [0x09f50000, 0x0a0ca008, 0x0a0ca200, 0x0aa00000)
 Metaspace       used 2798K, capacity 2828K, committed 2880K, reserved 4480K
}
Event: 0.668 GC heap before
{Heap before GC invocations=3 (full 0):
 def new generation   total 4928K, used 4713K [0x04a00000, 0x04f50000, 0x09f50000)
  eden space 4416K, 100% used [0x04a00000, 0x04e50000, 0x04e50000)
  from space 512K,  58% used [0x04ed0000, 0x04f1a7b0, 0x04f50000)
  to   space 512K,   0% used [0x04e50000, 0x04e50000, 0x04ed0000)
 tenured generation   total 10944K, used 1512K [0x09f50000, 0x0aa00000, 0x14a00000)
   the space 10944K,  13% used [0x09f50000, 0x0a0ca008, 0x0a0ca200, 0x0aa00000)
 Metaspace       used 3735K, capacity 3756K, committed 3776K, reserved 4480K
Event: 0.670 GC heap after
Heap after GC invocations=4 (full 0):
 def new generation   total 4928K, used 90K [0x04a00000, 0x04f50000, 0x09f50000)
  eden space 4416K,   0% used [0x04a00000, 0x04a00000, 0x04e50000)
  from space 512K,  17% used [0x04e50000, 0x04e66b50, 0x04ed0000)
  to   space 512K,   0% used [0x04ed0000, 0x04ed0000, 0x04f50000)
 tenured generation   total 10944K, used 1635K [0x09f50000, 0x0aa00000, 0x14a00000)
   the space 10944K,  14% used [0x09f50000, 0x0a0e8e60, 0x0a0e9000, 0x0aa00000)
 Metaspace       used 3735K, capacity 3756K, committed 3776K, reserved 4480K
}
Event: 0.785 GC heap before
{Heap before GC invocations=4 (full 0):
 def new generation   total 4928K, used 4506K [0x04a00000, 0x04f50000, 0x09f50000)
  eden space 4416K, 100% used [0x04a00000, 0x04e50000, 0x04e50000)
  from space 512K,  17% used [0x04e50000, 0x04e66b50, 0x04ed0000)
  to   space 512K,   0% used [0x04ed0000, 0x04ed0000, 0x04f50000)
 tenured generation   total 10944K, used 1635K [0x09f50000, 0x0aa00000, 0x14a00000)
   the space 10944K,  14% used [0x09f50000, 0x0a0e8e60, 0x0a0e9000, 0x0aa00000)
 Metaspace       used 3972K, capacity 4012K, committed 4032K, reserved 4480K
Event: 0.787 GC heap after
Heap after GC invocations=5 (full 0):
 def new generation   total 4928K, used 311K [0x04a00000, 0x04f50000, 0x09f50000)
  eden space 4416K,   0% used [0x04a00000, 0x04a00000, 0x04e50000)
  from space 512K,  60% used [0x04ed0000, 0x04f1df18, 0x04f50000)
  to   space 512K,   0% used [0x04e50000, 0x04e50000, 0x04ed0000)
 tenured generation   total 10944K, used 1635K [0x09f50000, 0x0aa00000, 0x14a00000)
   the space 10944K,  14% used [0x09f50000, 0x0a0e8e60, 0x0a0e9000, 0x0aa00000)
 Metaspace       used 3972K, capacity 4012K, committed 4032K, reserved 4480K
}
Event: 0.945 GC heap before
{Heap before GC invocations=5 (full 0):
 def new generation   total 4928K, used 4727K [0x04a00000, 0x04f50000, 0x09f50000)
  eden space 4416K, 100% used [0x04a00000, 0x04e50000, 0x04e50000)
  from space 512K,  60% used [0x04ed0000, 0x04f1df18, 0x04f50000)
  to   space 512K,   0% used [0x04e50000, 0x04e50000, 0x04ed0000)
 tenured generation   total 10944K, used 1635K [0x09f50000, 0x0aa00000, 0x14a00000)
   the space 10944K,  14% used [0x09f50000, 0x0a0e8e60, 0x0a0e9000, 0x0aa00000)
 Metaspace       used 4050K, capacity 4076K, committed 4160K, reserved 4480K
Event: 0.947 GC heap after
Heap after GC invocations=6 (full 0):
 def new generation   total 4928K, used 161K [0x04a00000, 0x04f50000, 0x09f50000)
  eden space 4416K,   0% used [0x04a00000, 0x04a00000, 0x04e50000)
  from space 512K,  31% used [0x04e50000, 0x04e787d8, 0x04ed0000)
  to   space 512K,   0% used [0x04ed0000, 0x04ed0000, 0x04f50000)
 tenured generation   total 10944K, used 1696K [0x09f50000, 0x0aa00000, 0x14a00000)
   the space 10944K,  15% used [0x09f50000, 0x0a0f82a8, 0x0a0f8400, 0x0aa00000)
 Metaspace       used 4050K, capacity 4076K, committed 4160K, reserved 4480K
}
Event: 1.110 GC heap before
{Heap before GC invocations=6 (full 0):
 def new generation   total 4928K, used 4577K [0x04a00000, 0x04f50000, 0x09f50000)
  eden space 4416K, 100% used [0x04a00000, 0x04e50000, 0x04e50000)
  from space 512K,  31% used [0x04e50000, 0x04e787d8, 0x04ed0000)
  to   space 512K,   0% used [0x04ed0000, 0x04ed0000, 0x04f50000)
 tenured generation   total 10944K, used 1696K [0x09f50000, 0x0aa00000, 0x14a00000)
   the space 10944K,  15% used [0x09f50000, 0x0a0f82a8, 0x0a0f8400, 0x0aa00000)
 Metaspace       used 4200K, capacity 4236K, committed 4288K, reserved 4480K
Event: 1.111 GC heap after
Heap after GC invocations=7 (full 0):
 def new generation   total 4928K, used 241K [0x04a00000, 0x04f50000, 0x09f50000)
  eden space 4416K,   0% used [0x04a00000, 0x04a00000, 0x04e50000)
  from space 512K,  47% used [0x04ed0000, 0x04f0c698, 0x04f50000)
  to   space 512K,   0% used [0x04e50000, 0x04e50000, 0x04ed0000)
 tenured generation   total 10944K, used 1696K [0x09f50000, 0x0aa00000, 0x14a00000)
   the space 10944K,  15% used [0x09f50000, 0x0a0f82a8, 0x0a0f8400, 0x0aa00000)
 Metaspace       used 4200K, capacity 4236K, committed 4288K, reserved 4480K
}

Deoptimization events (0 events):
No events

Classes redefined (0 events):
No events

Internal exceptions (10 events):
Event: 1.226 Thread 0x00d2fc00 Exception <a 'sun/nio/fs/WindowsException'> (0x04c9b370) thrown at [C:\jenkins\workspace\8-2-build-windows-i586-cygwin\jdk8u291\1294\hotspot\src\share\vm\prims\jni.cpp, line 710]
Event: 1.226 Thread 0x00d2fc00 Exception <a 'sun/nio/fs/WindowsException'> (0x04c9ca78) thrown at [C:\jenkins\workspace\8-2-build-windows-i586-cygwin\jdk8u291\1294\hotspot\src\share\vm\prims\jni.cpp, line 710]
Event: 1.226 Thread 0x00d2fc00 Exception <a 'sun/nio/fs/WindowsException'> (0x04c9e180) thrown at [C:\jenkins\workspace\8-2-build-windows-i586-cygwin\jdk8u291\1294\hotspot\src\share\vm\prims\jni.cpp, line 710]
Event: 1.227 Thread 0x00d2fc00 Exception <a 'sun/nio/fs/WindowsException'> (0x04c9f860) thrown at [C:\jenkins\workspace\8-2-build-windows-i586-cygwin\jdk8u291\1294\hotspot\src\share\vm\prims\jni.cpp, line 710]
Event: 1.227 Thread 0x00d2fc00 Exception <a 'sun/nio/fs/WindowsException'> (0x04ca0fc8) thrown at [C:\jenkins\workspace\8-2-build-windows-i586-cygwin\jdk8u291\1294\hotspot\src\share\vm\prims\jni.cpp, line 710]
Event: 1.228 Thread 0x00d2fc00 Exception <a 'sun/nio/fs/WindowsException'> (0x04ca24f0) thrown at [C:\jenkins\workspace\8-2-build-windows-i586-cygwin\jdk8u291\1294\hotspot\src\share\vm\prims\jni.cpp, line 710]
Event: 1.228 Thread 0x00d2fc00 Exception <a 'sun/nio/fs/WindowsException'> (0x04ca3a78) thrown at [C:\jenkins\workspace\8-2-build-windows-i586-cygwin\jdk8u291\1294\hotspot\src\share\vm\prims\jni.cpp, line 710]
Event: 1.228 Thread 0x00d2fc00 Exception <a 'sun/nio/fs/WindowsException'> (0x04ca4fa0) thrown at [C:\jenkins\workspace\8-2-build-windows-i586-cygwin\jdk8u291\1294\hotspot\src\share\vm\prims\jni.cpp, line 710]
Event: 1.228 Thread 0x00d2fc00 Exception <a 'sun/nio/fs/WindowsException'> (0x04ca64c8) thrown at [C:\jenkins\workspace\8-2-build-windows-i586-cygwin\jdk8u291\1294\hotspot\src\share\vm\prims\jni.cpp, line 710]
Event: 1.229 Thread 0x00d2fc00 Exception <a 'sun/nio/fs/WindowsException'> (0x04ca79f0) thrown at [C:\jenkins\workspace\8-2-build-windows-i586-cygwin\jdk8u291\1294\hotspot\src\share\vm\prims\jni.cpp, line 710]

Events (10 events):
Event: 1.171 Thread 0x00d2fc00 DEOPT PACKING pc=0x028a3bc4 sp=0x00f8f320
Event: 1.171 Thread 0x00d2fc00 DEOPT UNPACKING pc=0x027ec5e5 sp=0x00f8f484 mode 1
Event: 1.185 Thread 0x00d2fc00 DEOPT PACKING pc=0x028a3bc4 sp=0x00f8f320
Event: 1.185 Thread 0x00d2fc00 DEOPT UNPACKING pc=0x027ec5e5 sp=0x00f8f484 mode 1
Event: 1.203 Thread 0x00d2fc00 DEOPT PACKING pc=0x028a3bc4 sp=0x00f8f320
Event: 1.203 Thread 0x00d2fc00 DEOPT UNPACKING pc=0x027ec5e5 sp=0x00f8f484 mode 1
Event: 1.216 Thread 0x00d2fc00 DEOPT PACKING pc=0x028a7674 sp=0x00f8f320
Event: 1.216 Thread 0x00d2fc00 DEOPT UNPACKING pc=0x027ec5e5 sp=0x00f8f45c mode 1
Event: 1.216 Thread 0x00d2fc00 DEOPT PACKING pc=0x028a3bc4 sp=0x00f8f320
Event: 1.216 Thread 0x00d2fc00 DEOPT UNPACKING pc=0x027ec5e5 sp=0x00f8f484 mode 1


Dynamic libraries:
0x00520000 - 0x0055e000 	D:\hanruxiang\tools\dev_tools\jd-gui-windows-1.6.6\bin\java.exe
0x772f0000 - 0x77494000 	C:\WINDOWS\SYSTEM32\ntdll.dll
0x756d0000 - 0x757c0000 	C:\WINDOWS\System32\KERNEL32.DLL
0x75fb0000 - 0x761c9000 	C:\WINDOWS\System32\KERNELBASE.dll
0x72400000 - 0x7249f000 	C:\WINDOWS\SYSTEM32\apphelp.dll
0x75d30000 - 0x75dab000 	C:\WINDOWS\System32\ADVAPI32.dll
0x75aa0000 - 0x75b5f000 	C:\WINDOWS\System32\msvcrt.dll
0x761d0000 - 0x76246000 	C:\WINDOWS\System32\sechost.dll
0x75930000 - 0x759ee000 	C:\WINDOWS\System32\RPCRT4.dll
0x752d0000 - 0x7546c000 	C:\WINDOWS\System32\USER32.dll
0x75830000 - 0x75848000 	C:\WINDOWS\System32\win32u.dll
0x769f0000 - 0x76a13000 	C:\WINDOWS\System32\GDI32.dll
0x755f0000 - 0x756cc000 	C:\WINDOWS\System32\gdi32full.dll
0x76ca0000 - 0x76d1b000 	C:\WINDOWS\System32\msvcp_win.dll
0x75c10000 - 0x75d30000 	C:\WINDOWS\System32\ucrtbase.dll
0x72b50000 - 0x72d60000 	C:\WINDOWS\WinSxS\x86_microsoft.windows.common-controls_6595b64144ccf1df_6.0.19041.1110_none_a8625c1886757984\COMCTL32.dll
0x75a10000 - 0x75a35000 	C:\WINDOWS\System32\IMM32.DLL
0x7b8e0000 - 0x7b8f3000 	D:\hanruxiang\tools\dev_tools\jd-gui-windows-1.6.6\jre\bin\vcruntime140.dll
0x7b900000 - 0x7b96f000 	D:\hanruxiang\tools\dev_tools\jd-gui-windows-1.6.6\jre\bin\msvcp140.dll
0x7b970000 - 0x7bd4e000 	D:\hanruxiang\tools\dev_tools\jd-gui-windows-1.6.6\jre\bin\client\jvm.dll
0x757c0000 - 0x757c6000 	C:\WINDOWS\System32\PSAPI.DLL
0x73480000 - 0x734a8000 	C:\WINDOWS\SYSTEM32\WINMM.dll
0x74d40000 - 0x74d48000 	C:\WINDOWS\SYSTEM32\VERSION.dll
0x54b70000 - 0x54b78000 	C:\WINDOWS\SYSTEM32\WSOCK32.dll
0x75ef0000 - 0x75f53000 	C:\WINDOWS\System32\WS2_32.dll
0x746b0000 - 0x746bf000 	C:\WINDOWS\SYSTEM32\kernel.appcore.dll
0x7bd50000 - 0x7bd5d000 	D:\hanruxiang\tools\dev_tools\jd-gui-windows-1.6.6\jre\bin\verify.dll
0x7bd60000 - 0x7bd84000 	D:\hanruxiang\tools\dev_tools\jd-gui-windows-1.6.6\jre\bin\java.dll
0x79160000 - 0x7918c000 	D:\hanruxiang\tools\dev_tools\jd-gui-windows-1.6.6\jre\bin\jdwp.dll
0x79190000 - 0x79197000 	D:\hanruxiang\tools\dev_tools\jd-gui-windows-1.6.6\jre\bin\npt.dll
0x791a0000 - 0x791cc000 	D:\hanruxiang\tools\dev_tools\jd-gui-windows-1.6.6\jre\bin\instrument.dll
0x7bd90000 - 0x7bda4000 	D:\hanruxiang\tools\dev_tools\jd-gui-windows-1.6.6\jre\bin\zip.dll
0x76d20000 - 0x772d6000 	C:\WINDOWS\System32\SHELL32.dll
0x73ec0000 - 0x744cc000 	C:\WINDOWS\SYSTEM32\windows.storage.dll
0x76a20000 - 0x76c9f000 	C:\WINDOWS\System32\combase.dll
0x74630000 - 0x74657000 	C:\WINDOWS\SYSTEM32\Wldp.dll
0x767b0000 - 0x76837000 	C:\WINDOWS\System32\SHCORE.dll
0x75db0000 - 0x75df5000 	C:\WINDOWS\System32\shlwapi.dll
0x73b00000 - 0x73b18000 	C:\WINDOWS\SYSTEM32\profapi.dll
0x791d0000 - 0x791d9000 	D:\hanruxiang\tools\dev_tools\jd-gui-windows-1.6.6\jre\bin\dt_socket.dll
0x745b0000 - 0x74602000 	C:\WINDOWS\system32\mswsock.dll
0x791e0000 - 0x791e3000 	C:\Users\jianghui\.javacpp\cache\javacpp-1.5.3-windows-x86.jar\org\bytedeco\javacpp\windows-x86\api-ms-win-crt-locale-l1-1-0.dll
0x79120000 - 0x79137000 	D:\hanruxiang\tools\dev_tools\jd-gui-windows-1.6.6\jre\bin\net.dll
0x79140000 - 0x7914f000 	D:\hanruxiang\tools\dev_tools\jd-gui-windows-1.6.6\jre\bin\nio.dll
0x791f0000 - 0x791f4000 	C:\Users\jianghui\.javacpp\cache\javacpp-1.5.3-windows-x86.jar\org\bytedeco\javacpp\windows-x86\api-ms-win-crt-string-l1-1-0.dll
0x79200000 - 0x79204000 	C:\Users\jianghui\.javacpp\cache\javacpp-1.5.3-windows-x86.jar\org\bytedeco\javacpp\windows-x86\api-ms-win-crt-stdio-l1-1-0.dll
0x79210000 - 0x79215000 	C:\Users\jianghui\.javacpp\cache\javacpp-1.5.3-windows-x86.jar\org\bytedeco\javacpp\windows-x86\api-ms-win-crt-math-l1-1-0.dll
0x79220000 - 0x79223000 	C:\Users\jianghui\.javacpp\cache\javacpp-1.5.3-windows-x86.jar\org\bytedeco\javacpp\windows-x86\api-ms-win-crt-heap-l1-1-0.dll
0x79230000 - 0x79234000 	C:\Users\jianghui\.javacpp\cache\javacpp-1.5.3-windows-x86.jar\org\bytedeco\javacpp\windows-x86\api-ms-win-crt-runtime-l1-1-0.dll
0x79240000 - 0x79244000 	C:\Users\jianghui\.javacpp\cache\javacpp-1.5.3-windows-x86.jar\org\bytedeco\javacpp\windows-x86\api-ms-win-crt-convert-l1-1-0.dll
0x79250000 - 0x79253000 	C:\Users\jianghui\.javacpp\cache\javacpp-1.5.3-windows-x86.jar\org\bytedeco\javacpp\windows-x86\api-ms-win-crt-environment-l1-1-0.dll
0x79260000 - 0x79263000 	C:\Users\jianghui\.javacpp\cache\javacpp-1.5.3-windows-x86.jar\org\bytedeco\javacpp\windows-x86\api-ms-win-crt-time-l1-1-0.dll
0x79270000 - 0x79273000 	C:\Users\jianghui\.javacpp\cache\javacpp-1.5.3-windows-x86.jar\org\bytedeco\javacpp\windows-x86\api-ms-win-crt-filesystem-l1-1-0.dll
0x79280000 - 0x79283000 	C:\Users\jianghui\.javacpp\cache\javacpp-1.5.3-windows-x86.jar\org\bytedeco\javacpp\windows-x86\api-ms-win-crt-utility-l1-1-0.dll
0x79290000 - 0x79295000 	C:\Users\jianghui\.javacpp\cache\javacpp-1.5.3-windows-x86.jar\org\bytedeco\javacpp\windows-x86\api-ms-win-crt-multibyte-l1-1-0.dll
0x792a0000 - 0x792a3000 	C:\Users\jianghui\.javacpp\cache\javacpp-1.5.3-windows-x86.jar\org\bytedeco\javacpp\windows-x86\api-ms-win-core-string-l1-1-0.dll
0x792b0000 - 0x792b3000 	C:\Users\jianghui\.javacpp\cache\javacpp-1.5.3-windows-x86.jar\org\bytedeco\javacpp\windows-x86\api-ms-win-core-errorhandling-l1-1-0.dll
0x792c0000 - 0x792c3000 	C:\Users\jianghui\.javacpp\cache\javacpp-1.5.3-windows-x86.jar\org\bytedeco\javacpp\windows-x86\api-ms-win-core-timezone-l1-1-0.dll
0x792d0000 - 0x792d4000 	C:\Users\jianghui\.javacpp\cache\javacpp-1.5.3-windows-x86.jar\org\bytedeco\javacpp\windows-x86\api-ms-win-core-file-l1-1-0.dll
0x792e0000 - 0x792e3000 	C:\Users\jianghui\.javacpp\cache\javacpp-1.5.3-windows-x86.jar\org\bytedeco\javacpp\windows-x86\api-ms-win-core-namedpipe-l1-1-0.dll
0x792f0000 - 0x792f3000 	C:\Users\jianghui\.javacpp\cache\javacpp-1.5.3-windows-x86.jar\org\bytedeco\javacpp\windows-x86\api-ms-win-core-handle-l1-1-0.dll
0x79300000 - 0x79303000 	C:\Users\jianghui\.javacpp\cache\javacpp-1.5.3-windows-x86.jar\org\bytedeco\javacpp\windows-x86\api-ms-win-core-file-l2-1-0.dll
0x79310000 - 0x79313000 	C:\Users\jianghui\.javacpp\cache\javacpp-1.5.3-windows-x86.jar\org\bytedeco\javacpp\windows-x86\api-ms-win-core-heap-l1-1-0.dll
0x79320000 - 0x79323000 	C:\Users\jianghui\.javacpp\cache\javacpp-1.5.3-windows-x86.jar\org\bytedeco\javacpp\windows-x86\api-ms-win-core-libraryloader-l1-1-0.dll
0x79330000 - 0x79333000 	C:\Users\jianghui\.javacpp\cache\javacpp-1.5.3-windows-x86.jar\org\bytedeco\javacpp\windows-x86\api-ms-win-core-synch-l1-1-0.dll
0x79340000 - 0x79343000 	C:\Users\jianghui\.javacpp\cache\javacpp-1.5.3-windows-x86.jar\org\bytedeco\javacpp\windows-x86\api-ms-win-core-processthreads-l1-1-0.dll
0x79350000 - 0x79353000 	C:\Users\jianghui\.javacpp\cache\javacpp-1.5.3-windows-x86.jar\org\bytedeco\javacpp\windows-x86\api-ms-win-core-processenvironment-l1-1-0.dll
0x79360000 - 0x79363000 	C:\Users\jianghui\.javacpp\cache\javacpp-1.5.3-windows-x86.jar\org\bytedeco\javacpp\windows-x86\api-ms-win-core-datetime-l1-1-0.dll
0x79370000 - 0x79373000 	C:\Users\jianghui\.javacpp\cache\javacpp-1.5.3-windows-x86.jar\org\bytedeco\javacpp\windows-x86\api-ms-win-core-localization-l1-2-0.dll
0x79380000 - 0x79383000 	C:\Users\jianghui\.javacpp\cache\javacpp-1.5.3-windows-x86.jar\org\bytedeco\javacpp\windows-x86\api-ms-win-core-sysinfo-l1-1-0.dll
0x79390000 - 0x79393000 	C:\Users\jianghui\.javacpp\cache\javacpp-1.5.3-windows-x86.jar\org\bytedeco\javacpp\windows-x86\api-ms-win-core-synch-l1-2-0.dll
0x793a0000 - 0x793a3000 	C:\Users\jianghui\.javacpp\cache\javacpp-1.5.3-windows-x86.jar\org\bytedeco\javacpp\windows-x86\api-ms-win-core-console-l1-1-0.dll
0x793b0000 - 0x793b3000 	C:\Users\jianghui\.javacpp\cache\javacpp-1.5.3-windows-x86.jar\org\bytedeco\javacpp\windows-x86\api-ms-win-core-debug-l1-1-0.dll
0x793c0000 - 0x793c3000 	C:\Users\jianghui\.javacpp\cache\javacpp-1.5.3-windows-x86.jar\org\bytedeco\javacpp\windows-x86\api-ms-win-core-rtlsupport-l1-1-0.dll
0x793d0000 - 0x793d3000 	C:\Users\jianghui\.javacpp\cache\javacpp-1.5.3-windows-x86.jar\org\bytedeco\javacpp\windows-x86\api-ms-win-core-processthreads-l1-1-1.dll
0x793e0000 - 0x793e3000 	C:\Users\jianghui\.javacpp\cache\javacpp-1.5.3-windows-x86.jar\org\bytedeco\javacpp\windows-x86\api-ms-win-core-file-l1-2-0.dll
0x793f0000 - 0x793f3000 	C:\Users\jianghui\.javacpp\cache\javacpp-1.5.3-windows-x86.jar\org\bytedeco\javacpp\windows-x86\api-ms-win-core-profile-l1-1-0.dll
0x79400000 - 0x79403000 	C:\Users\jianghui\.javacpp\cache\javacpp-1.5.3-windows-x86.jar\org\bytedeco\javacpp\windows-x86\api-ms-win-core-memory-l1-1-0.dll
0x79410000 - 0x79413000 	C:\Users\jianghui\.javacpp\cache\javacpp-1.5.3-windows-x86.jar\org\bytedeco\javacpp\windows-x86\api-ms-win-core-util-l1-1-0.dll
0x79420000 - 0x79423000 	C:\Users\jianghui\.javacpp\cache\javacpp-1.5.3-windows-x86.jar\org\bytedeco\javacpp\windows-x86\api-ms-win-core-interlocked-l1-1-0.dll
0x79430000 - 0x7954e000 	C:\Users\jianghui\.javacpp\cache\javacpp-1.5.3-windows-x86.jar\org\bytedeco\javacpp\windows-x86\ucrtbase.dll
0x79550000 - 0x79563000 	C:\Users\jianghui\.javacpp\cache\javacpp-1.5.3-windows-x86.jar\org\bytedeco\javacpp\windows-x86\vcruntime140.dll
0x79570000 - 0x795df000 	C:\Users\jianghui\.javacpp\cache\javacpp-1.5.3-windows-x86.jar\org\bytedeco\javacpp\windows-x86\msvcp140.dll
0x795e0000 - 0x7961c000 	C:\Users\jianghui\.javacpp\cache\javacpp-1.5.3-windows-x86.jar\org\bytedeco\javacpp\windows-x86\concrt140.dll
0x79620000 - 0x79641000 	C:\Users\jianghui\.javacpp\cache\javacpp-1.5.3-windows-x86.jar\org\bytedeco\javacpp\windows-x86\vcomp140.dll
0x79650000 - 0x7965b000 	C:\Users\jianghui\.javacpp\cache\javacpp-1.5.3-windows-x86.jar\org\bytedeco\javacpp\windows-x86\jnijavacpp.dll
0x64b40000 - 0x64b58000 	C:\Users\jianghui\.javacpp\cache\leptonica-1.79.0-1.5.3-windows-x86.jar\org\bytedeco\leptonica\windows-x86\libwinpthread-1.dll
0x6eb40000 - 0x6eb64000 	C:\Users\jianghui\.javacpp\cache\leptonica-1.79.0-1.5.3-windows-x86.jar\org\bytedeco\leptonica\windows-x86\libgcc_s_dw2-1.dll
0x63800000 - 0x63831000 	C:\Users\jianghui\.javacpp\cache\leptonica-1.79.0-1.5.3-windows-x86.jar\org\bytedeco\leptonica\windows-x86\libgomp-1.dll
0x6fe40000 - 0x6ffbf000 	C:\Users\jianghui\.javacpp\cache\leptonica-1.79.0-1.5.3-windows-x86.jar\org\bytedeco\leptonica\windows-x86\libstdc++-6.dll
0x61540000 - 0x619ca000 	C:\Users\jianghui\.javacpp\cache\leptonica-1.79.0-1.5.3-windows-x86.jar\org\bytedeco\leptonica\windows-x86\liblept-5.dll
0x6c140000 - 0x6c4c4000 	C:\Users\jianghui\.javacpp\cache\leptonica-1.79.0-1.5.3-windows-x86.jar\org\bytedeco\leptonica\windows-x86\jnilept.dll
0x65480000 - 0x65794000 	C:\Users\jianghui\.javacpp\cache\tesseract-4.1.1-1.5.3-windows-x86.jar\org\bytedeco\tesseract\windows-x86\libtesseract-4.dll
0x167c0000 - 0x16889000 	C:\Users\jianghui\.javacpp\cache\tesseract-4.1.1-1.5.3-windows-x86.jar\org\bytedeco\tesseract\windows-x86\jnitesseract.dll
0x73cd0000 - 0x73e58000 	C:\WINDOWS\SYSTEM32\dbghelp.dll
0x757d0000 - 0x7582f000 	C:\WINDOWS\System32\bcryptPrimitives.dll

VM Arguments:
jvm_args: -agentlib:jdwp=transport=dt_socket,address=127.0.0.1:55884,suspend=y,server=n -javaagent:C:\Users\jianghui\AppData\Local\JetBrains\IntelliJIdea2021.1\captureAgent\debugger-agent.jar -Dfile.encoding=UTF-8 
java_command: com.hrx.test.OcrTest
java_class_path (initial): D:\hanruxiang\tools\dev_tools\jd-gui-windows-1.6.6\jre\lib\charsets.jar;D:\hanruxiang\tools\dev_tools\jd-gui-windows-1.6.6\jre\lib\deploy.jar;D:\hanruxiang\tools\dev_tools\jd-gui-windows-1.6.6\jre\lib\ext\access-bridge-32.jar;D:\hanruxiang\tools\dev_tools\jd-gui-windows-1.6.6\jre\lib\ext\cldrdata.jar;D:\hanruxiang\tools\dev_tools\jd-gui-windows-1.6.6\jre\lib\ext\dnsns.jar;D:\hanruxiang\tools\dev_tools\jd-gui-windows-1.6.6\jre\lib\ext\jaccess.jar;D:\hanruxiang\tools\dev_tools\jd-gui-windows-1.6.6\jre\lib\ext\jfxrt.jar;D:\hanruxiang\tools\dev_tools\jd-gui-windows-1.6.6\jre\lib\ext\localedata.jar;D:\hanruxiang\tools\dev_tools\jd-gui-windows-1.6.6\jre\lib\ext\nashorn.jar;D:\hanruxiang\tools\dev_tools\jd-gui-windows-1.6.6\jre\lib\ext\sunec.jar;D:\hanruxiang\tools\dev_tools\jd-gui-windows-1.6.6\jre\lib\ext\sunjce_provider.jar;D:\hanruxiang\tools\dev_tools\jd-gui-windows-1.6.6\jre\lib\ext\sunmscapi.jar;D:\hanruxiang\tools\dev_tools\jd-gui-windows-1.6.6\jre\lib\ext\sunpkcs11.jar;D:\hanruxiang\tools\dev_tools\jd-gui-windows-1.6.6\jre\lib\ext\zipfs.jar;D:\hanruxiang\tools\dev_tools\jd-gui-windows-1.6.6\jre\lib\javaws.jar;D:\hanruxiang\tools\dev_tools\jd-gui-windows-1.6.6\jre\lib\jce.jar;D:\hanruxiang\tools\dev_tools\jd-gui-windows-1.6.6\jre\lib\jfr.jar;D:\hanruxiang\tools\dev_tools\jd-gui-windows-1.6.6\jre\lib\jfxswt.jar;D:\hanruxiang\tools\dev_tools\jd-gui-windows-1.6.6\jre\lib\jsse.jar;D:\hanruxiang\tools\dev_tools\jd-gui-windows-1.6.6\jre\lib\management-agent.jar;D:\hanruxiang\tools\dev_tools\jd-gui-windows-1.6.6\jre\lib\plugin.jar;D:\hanruxiang\tools\dev_tools\jd-gui-windows-1.6.6\jre\lib\resources.jar;D:\hanruxiang\tools\dev_tools\jd-gui-windows-1.6.6\jre\lib\rt.jar;D:\hanruxiang\code\script\target\classes;C:\Users\jianghui\.m2\repository\org\bytedeco\tesseract-platform\4.1.1-1.5.3\tesseract-platform-4.1.1-1.5.3.jar;C:\Users\jianghui\.m2\repository\org\bytedeco\leptonica-platform\1.79.0-1.5.3\leptonica-platform-1.79.0-1.5.3.jar;C:\Users\jiang
Launcher Type: SUN_STANDARD

Environment Variables:
JAVA_HOME=D:\hanruxiang\tools\dev_tools\jdk1.8.0_40
CLASSPATH=.;D:\hanruxiang\tools\dev_tools\jdk1.8.0_40\lib;D:\hanruxiang\tools\dev_tools\jdk1.8.0_40\lib\tools.jar
PATH=D:\hanruxiang\tools\dev_tools\apache-maven-3.8.1\apache-maven-3.8.1\bin;D:\hanruxiang\tools\dev_tools\jdk1.8.0_40\bin;C:\WINDOWS\system32;C:\WINDOWS;C:\WINDOWS\System32\Wbem;C:\WINDOWS\System32\WindowsPowerShell\v1.0\;C:\WINDOWS\System32\OpenSSH\;D:\hanruxiang\tools\dev_tools\Git\cmd;C:\Users\jianghui\AppData\Local\Microsoft\WindowsApps;
USERNAME=jianghui
OS=Windows_NT
PROCESSOR_IDENTIFIER=AMD64 Family 23 Model 24 Stepping 1, AuthenticAMD



---------------  S Y S T E M  ---------------

OS: Windows 10.0 , 64 bit Build 19041 (10.0.19041.1889)

CPU:total 8 (initial active 8) (8 cores per cpu, 1 threads per core) family 23 model 24 stepping 1, cmov, cx8, fxsr, mmx, sse, sse2, sse3, ssse3, sse4.1, sse4.2, popcnt, avx, avx2, aes, clmul, mmxext, 3dnowpref, lzcnt, sse4a, tsc, tscinvbit, tscinv, bmi1

Memory: 4k page, physical 15662732k(4210548k free), swap 37682828k(15532928k free)

vm_info: Java HotSpot(TM) Client VM (25.291-b10) for windows-x86 JRE (1.8.0_291-b10), built on Apr  9 2021 04:22:09 by "java_re" with MS VC++ 15.9 (VS2017)

time: Thu Sep 15 17:46:25 2022
timezone: 中国标准时间
elapsed time: 1.356282 seconds (0d 0h 0m 1s)

